2023-01-02T12:35:47.699-05:00  INFO 18428 --- [restartedMain] com.example.demo.DemoApplication         : Starting DemoApplication using Java 19.0.1 with PID 18428 (D:\Proyectos\Artemisa\javaSpringBoot\target\classes started by kmilo in D:\Proyectos\Artemisa\javaSpringBoot)
2023-01-02T12:35:47.701-05:00  INFO 18428 --- [restartedMain] com.example.demo.DemoApplication         : No active profile set, falling back to 1 default profile: "default"
2023-01-02T12:35:47.746-05:00  INFO 18428 --- [restartedMain] .e.DevToolsPropertyDefaultsPostProcessor : Devtools property defaults active! Set 'spring.devtools.add-properties' to 'false' to disable
2023-01-02T12:35:47.746-05:00  INFO 18428 --- [restartedMain] .e.DevToolsPropertyDefaultsPostProcessor : For additional web related logging consider setting the 'logging.level.web' property to 'DEBUG'
2023-01-02T12:35:48.531-05:00  INFO 18428 --- [restartedMain] o.s.b.w.embedded.tomcat.TomcatWebServer  : Tomcat initialized with port(s): 8080 (http)
2023-01-02T12:35:48.541-05:00  INFO 18428 --- [restartedMain] o.apache.catalina.core.StandardService   : Starting service [Tomcat]
2023-01-02T12:35:48.541-05:00  INFO 18428 --- [restartedMain] o.apache.catalina.core.StandardEngine    : Starting Servlet engine: [Apache Tomcat/10.1.4]
2023-01-02T12:35:48.586-05:00  INFO 18428 --- [restartedMain] o.a.c.c.C.[Tomcat].[localhost].[/]       : Initializing Spring embedded WebApplicationContext
2023-01-02T12:35:48.587-05:00  INFO 18428 --- [restartedMain] w.s.c.ServletWebServerApplicationContext : Root WebApplicationContext: initialization completed in 840 ms
2023-01-02T12:35:48.903-05:00  INFO 18428 --- [restartedMain] o.s.b.d.a.OptionalLiveReloadServer       : LiveReload server is running on port 35729
2023-01-02T12:35:48.936-05:00  INFO 18428 --- [restartedMain] o.s.b.w.embedded.tomcat.TomcatWebServer  : Tomcat started on port(s): 8080 (http) with context path ''
2023-01-02T12:35:48.943-05:00  INFO 18428 --- [restartedMain] com.example.demo.DemoApplication         : Started DemoApplication in 1.583 seconds (process running for 2.152)
2023-01-02T12:36:09.329-05:00  INFO 18428 --- [http-nio-8080-exec-2] o.a.c.c.C.[Tomcat].[localhost].[/]       : Initializing Spring DispatcherServlet 'dispatcherServlet'
2023-01-02T12:36:09.330-05:00  INFO 18428 --- [http-nio-8080-exec-2] o.s.web.servlet.DispatcherServlet        : Initializing Servlet 'dispatcherServlet'
2023-01-02T12:36:09.331-05:00  INFO 18428 --- [http-nio-8080-exec-2] o.s.web.servlet.DispatcherServlet        : Completed initialization in 1 ms
2023-01-02T12:36:09.402-05:00 ERROR 18428 --- [http-nio-8080-exec-2] c.example.demo.services.PruebaService    : / by zero
2023-01-02T13:45:35.659-05:00  INFO 18568 --- [restartedMain] com.example.demo.DemoApplication         : Starting DemoApplication using Java 19.0.1 with PID 18568 (D:\Proyectos\Artemisa\notify\target\classes started by kmilo in D:\Proyectos\Artemisa\notify)
2023-01-02T13:45:35.661-05:00  INFO 18568 --- [restartedMain] com.example.demo.DemoApplication         : No active profile set, falling back to 1 default profile: "default"
2023-01-02T13:45:35.711-05:00  INFO 18568 --- [restartedMain] .e.DevToolsPropertyDefaultsPostProcessor : Devtools property defaults active! Set 'spring.devtools.add-properties' to 'false' to disable
2023-01-02T13:45:35.711-05:00  INFO 18568 --- [restartedMain] .e.DevToolsPropertyDefaultsPostProcessor : For additional web related logging consider setting the 'logging.level.web' property to 'DEBUG'
2023-01-02T13:45:36.583-05:00  INFO 18568 --- [restartedMain] o.s.b.w.embedded.tomcat.TomcatWebServer  : Tomcat initialized with port(s): 8080 (http)
2023-01-02T13:45:36.596-05:00  INFO 18568 --- [restartedMain] o.apache.catalina.core.StandardService   : Starting service [Tomcat]
2023-01-02T13:45:36.596-05:00  INFO 18568 --- [restartedMain] o.apache.catalina.core.StandardEngine    : Starting Servlet engine: [Apache Tomcat/10.1.4]
2023-01-02T13:45:36.661-05:00  INFO 18568 --- [restartedMain] o.a.c.c.C.[Tomcat].[localhost].[/]       : Initializing Spring embedded WebApplicationContext
2023-01-02T13:45:36.662-05:00  INFO 18568 --- [restartedMain] w.s.c.ServletWebServerApplicationContext : Root WebApplicationContext: initialization completed in 951 ms
2023-01-02T13:45:37.075-05:00  INFO 18568 --- [restartedMain] o.s.b.d.a.OptionalLiveReloadServer       : LiveReload server is running on port 35729
2023-01-02T13:45:37.109-05:00  INFO 18568 --- [restartedMain] o.s.b.w.embedded.tomcat.TomcatWebServer  : Tomcat started on port(s): 8080 (http) with context path ''
2023-01-02T13:45:37.119-05:00  INFO 18568 --- [restartedMain] com.example.demo.DemoApplication         : Started DemoApplication in 1.881 seconds (process running for 3.311)
2023-01-02T13:45:44.286-05:00  INFO 18568 --- [http-nio-8080-exec-1] o.a.c.c.C.[Tomcat].[localhost].[/]       : Initializing Spring DispatcherServlet 'dispatcherServlet'
2023-01-02T13:45:44.286-05:00  INFO 18568 --- [http-nio-8080-exec-1] o.s.web.servlet.DispatcherServlet        : Initializing Servlet 'dispatcherServlet'
2023-01-02T13:45:44.288-05:00  INFO 18568 --- [http-nio-8080-exec-1] o.s.web.servlet.DispatcherServlet        : Completed initialization in 1 ms
2023-01-02T13:45:44.362-05:00 ERROR 18568 --- [http-nio-8080-exec-1] c.example.demo.services.PruebaService    : / by zero
2023-01-02T13:46:09.703-05:00  INFO 23968 --- [restartedMain] com.example.demo.DemoApplication         : Starting DemoApplication using Java 19.0.1 with PID 23968 (D:\Proyectos\Artemisa\notify\target\classes started by kmilo in D:\Proyectos\Artemisa\notify)
2023-01-02T13:46:09.705-05:00  INFO 23968 --- [restartedMain] com.example.demo.DemoApplication         : No active profile set, falling back to 1 default profile: "default"
2023-01-02T13:46:09.749-05:00  INFO 23968 --- [restartedMain] .e.DevToolsPropertyDefaultsPostProcessor : Devtools property defaults active! Set 'spring.devtools.add-properties' to 'false' to disable
2023-01-02T13:46:09.749-05:00  INFO 23968 --- [restartedMain] .e.DevToolsPropertyDefaultsPostProcessor : For additional web related logging consider setting the 'logging.level.web' property to 'DEBUG'
2023-01-02T13:46:10.810-05:00  INFO 23968 --- [restartedMain] o.s.b.w.embedded.tomcat.TomcatWebServer  : Tomcat initialized with port(s): 8080 (http)
2023-01-02T13:46:10.820-05:00  INFO 23968 --- [restartedMain] o.apache.catalina.core.StandardService   : Starting service [Tomcat]
2023-01-02T13:46:10.820-05:00  INFO 23968 --- [restartedMain] o.apache.catalina.core.StandardEngine    : Starting Servlet engine: [Apache Tomcat/10.1.4]
2023-01-02T13:46:10.875-05:00  INFO 23968 --- [restartedMain] o.a.c.c.C.[Tomcat].[localhost].[/]       : Initializing Spring embedded WebApplicationContext
2023-01-02T13:46:10.875-05:00  INFO 23968 --- [restartedMain] w.s.c.ServletWebServerApplicationContext : Root WebApplicationContext: initialization completed in 1126 ms
2023-01-02T13:46:11.227-05:00  INFO 23968 --- [restartedMain] o.s.b.d.a.OptionalLiveReloadServer       : LiveReload server is running on port 35729
2023-01-02T13:46:11.262-05:00  INFO 23968 --- [restartedMain] o.s.b.w.embedded.tomcat.TomcatWebServer  : Tomcat started on port(s): 8080 (http) with context path ''
2023-01-02T13:46:11.269-05:00  INFO 23968 --- [restartedMain] com.example.demo.DemoApplication         : Started DemoApplication in 1.933 seconds (process running for 2.6)
